<?xml version="1.0" encoding="UTF-8"?>
<!-- Generated by org.testng.reporters.JUnitXMLReporter -->
<testsuite ignored="1" hostname="SHUBHAM-PC" failures="0" tests="8" name="Test" time="99.051" errors="0" timestamp="2023-02-18T15:13:45 IST">
  <testcase classname="tests.LoginPageTest" name="VerifyLogoTest" time="0.055"/>
  <testcase classname="tests.LoginPageTest" name="VerifyTitleTest" time="0.009"/>
  <testcase classname="tests.LoginPageTest" name="loginPageTest" time="0.365"/>
  <testcase classname="tests.CheckoutStage2Test" name="FinalCartDetailsTest" time="10.478"/>
  <testcase classname="tests.YourCartPageTest" name="addcarttest" time="3.227"/>
  <testcase classname="tests.CheckoutPageTest" name="CheckoutTest" time="3.591"/>
  <testcase classname="tests.inventoryPageTest" name="AddInventoryTest" time="0.449"/>
  <testcase classname="tests.inventoryPageTest" name="AddInventoryTest1" time="1.017"/>
  <testcase classname="tests.LoginPageTest" name="VerifyURLTest" time="0.0">
    <ignored/>
  </testcase> <!-- VerifyURLTest -->
</testsuite> <!-- Test -->
