<?xml version="1.0" encoding="UTF-8"?>
<!-- Generated by org.testng.reporters.JUnitXMLReporter -->
<testsuite ignored="0" hostname="SHUBHAM-PC" failures="0" tests="3" name="test2" time="42.207" errors="0" timestamp="2023-02-18T15:57:38 IST">
  <testcase classname="tests.CheckoutPageTest" name="CheckoutTest" time="3.556"/>
  <testcase classname="tests.inventoryPageTest" name="AddInventoryTest" time="0.571"/>
  <testcase classname="tests.inventoryPageTest" name="AddInventoryTest1" time="0.844"/>
</testsuite> <!-- test2 -->
