<?xml version="1.0" encoding="UTF-8"?>
<!-- Generated by org.testng.reporters.JUnitXMLReporter -->
<testsuite ignored="1" hostname="SHUBHAM-PC" failures="0" tests="4" name="Test1" time="84.883" errors="0" timestamp="2023-02-18T15:56:56 IST">
  <testcase classname="tests.LoginPageTest" name="VerifyLogoTest" time="0.054"/>
  <testcase classname="tests.LoginPageTest" name="VerifyTitleTest" time="0.015"/>
  <testcase classname="tests.LoginPageTest" name="loginPageTest" time="0.37"/>
  <testcase classname="tests.CheckoutStage2Test" name="FinalCartDetailsTest" time="10.653"/>
  <testcase classname="tests.LoginPageTest" name="VerifyURLTest" time="0.0">
    <ignored/>
  </testcase> <!-- VerifyURLTest -->
</testsuite> <!-- Test1 -->
